<?xml version="1.0" encoding="UTF-8"?>
<!-- Generated by org.testng.reporters.JUnitReportReporter -->
<testsuite skipped="0" hostname="DESKTOP-NP78MNN" name="simplemaveenproject.TestClass" tests="3" failures="0" timestamp="20 Sep 2018 12:04:14 GMT" time="17.289" errors="0">
  <testcase name="f" time="17.278" classname="simplemaveenproject.TestClass"/>
  <testcase name="method2" time="0.008" classname="simplemaveenproject.TestClass"/>
  <testcase name="method3" time="0.003" classname="simplemaveenproject.TestClass"/>
</testsuite> <!-- simplemaveenproject.TestClass -->
